[30/05/2024 15:38:59] Tarma_ won 10percentattack (ID: 10percentattack, Weight: 25.0) from Daily Xp Crate Crate (ID: daily_xp_crate)
[30/05/2024 15:38:59] Tarma_ won 10percentattack (ID: 10percentattack, Weight: 25.0) from Daily Xp Crate Crate (ID: daily_xp_crate)
[30/05/2024 15:39:00] Tarma_ won 10percentattack (ID: 10percentattack, Weight: 25.0) from Daily Xp Crate Crate (ID: daily_xp_crate)
[30/05/2024 15:39:17] Tarma_ won 10percentattack (ID: 10percentattack, Weight: 25.0) from Daily Xp Crate Crate (ID: daily_xp_crate)
[30/05/2024 15:43:01] Tarma_ won 10 Percent Booster Attack (ID: 10percentattack, Weight: 25.0) from Daily XP (ID: daily_xp_crate)
[30/05/2024 15:43:31] Tarma_ won 10 Percent Booster Attack (ID: 10percentattack, Weight: 25.0) from Daily XP (ID: daily_xp_crate)
[30/05/2024 15:43:47] Tarma_ won 10 Percent Booster Attack (ID: 10percentattack, Weight: 25.0) from Daily XP (ID: daily_xp_crate)
[30/05/2024 15:48:52] Tarma_ won 10 Percent Booster Attack (ID: 10percentattack, Weight: 25.0) from Daily XP (ID: daily_xp_crate)
[30/05/2024 15:49:30] Tarma_ won 10 Percent Booster Attack (ID: 10percentattack, Weight: 25.0) from Daily XP (ID: daily_xp_crate)
[30/05/2024 16:03:00] Tarma_ won 10 Percent Booster Attack (ID: 10percentattack, Weight: 25.0) from Daily XP (ID: daily_xp_crate)
[30/05/2024 21:27:50] Tarma_ won 30% Fishing Booster (30m) (ID: 30percentfishing, Weight: 10.0) from Daily XP (ID: daily_xp_crate)
[30/05/2024 21:28:27] Tarma_ won 10% Alchemy Booster (60m) (ID: 10percentalchemy, Weight: 15.0) from Daily XP (ID: daily_xp_crate)
[30/05/2024 21:28:53] Tarma_ won 10% Agility Booster (60m) (ID: 10percentagility, Weight: 15.0) from Daily XP (ID: daily_xp_crate)
[30/05/2024 21:29:09] Tarma_ won 30% Mining Booster (30m) (ID: 30percentmining, Weight: 10.0) from Daily XP (ID: daily_xp_crate)
[30/05/2024 21:57:52] Tarma_ won 10% Enchanting Booster (60m) (ID: 10percentenchanting, Weight: 15.0) from Daily XP (ID: daily_xp_crate)
[31/05/2024 01:47:57] zero99x won 30% Attack Booster (30m) (ID: 30percentattack, Weight: 10.0) from Daily XP (ID: daily_xp_crate)
[31/05/2024 01:49:56] zero99x won 10% Farming Booster (60m) (ID: 10percentfarming, Weight: 15.0) from Daily XP (ID: daily_xp_crate)
[31/05/2024 01:49:59] Tarma_ won 10% Defense Booster (60m) (ID: 10_percent_booster_defense, Weight: 15.0) from Daily XP (ID: daily_xp_crate)
[31/05/2024 18:08:05] Tarma_ won 10% Woodcutting Booster (60m) (ID: 10percentwoodcutting, Weight: 15.0) from Daily XP (ID: daily_xp_crate)
[31/05/2024 20:12:13] Tarma_ won 10% Attack Booster (60m) (ID: 10percentattack, Weight: 15.0) from Daily XP (ID: daily_xp_crate)
[31/05/2024 20:17:15] Tarma_ won 10% Farming Booster (60m) (ID: 10percentfarming, Weight: 15.0) from Daily XP (ID: daily_xp_crate)
[05/06/2024 18:19:06] Tarma_ won 30% Attack Booster (30m) (ID: 30percentattack, Weight: 10.0) from Daily XP (ID: daily_xp_crate)
[07/06/2024 15:56:39] Tarma_ won 10% Mining Booster (60m) (ID: 10percentmining, Weight: 15.0) from Daily XP (ID: daily_xp_crate)
[12/06/2024 01:12:01] zero99x won 10% Alchemy Booster (60m) (ID: 10percentalchemy, Weight: 15.0) from Daily XP (ID: daily_xp_crate)
[16/06/2024 00:11:54] Tarma_ won 10% Farming Booster (60m) (ID: 10percentfarming, Weight: 15.0) from Daily XP (ID: daily_xp_crate)
